{"total": {"lines":{"total":312,"covered":291,"skipped":0,"pct":93.26},"statements":{"total":332,"covered":311,"skipped":0,"pct":93.67},"functions":{"total":62,"covered":56,"skipped":0,"pct":90.32},"branches":{"total":63,"covered":53,"skipped":0,"pct":84.12},"branchesTrue":{"total":0,"covered":0,"skipped":0,"pct":100}}
,"/home/runner/work/Typescript_Capacitor_SecureQR/Typescript_Capacitor_SecureQR/src/App.tsx": {"lines":{"total":20,"covered":20,"skipped":0,"pct":100},"functions":{"total":2,"covered":2,"skipped":0,"pct":100},"statements":{"total":20,"covered":20,"skipped":0,"pct":100},"branches":{"total":2,"covered":1,"skipped":0,"pct":50}}
,"/home/runner/work/Typescript_Capacitor_SecureQR/Typescript_Capacitor_SecureQR/src/routes.tsx": {"lines":{"total":8,"covered":8,"skipped":0,"pct":100},"functions":{"total":1,"covered":1,"skipped":0,"pct":100},"statements":{"total":9,"covered":9,"skipped":0,"pct":100},"branches":{"total":0,"covered":0,"skipped":0,"pct":100}}
,"/home/runner/work/Typescript_Capacitor_SecureQR/Typescript_Capacitor_SecureQR/src/Container/QRGeneratorContainer.tsx": {"lines":{"total":33,"covered":33,"skipped":0,"pct":100},"functions":{"total":4,"covered":4,"skipped":0,"pct":100},"statements":{"total":35,"covered":35,"skipped":0,"pct":100},"branches":{"total":5,"covered":5,"skipped":0,"pct":100}}
,"/home/runner/work/Typescript_Capacitor_SecureQR/Typescript_Capacitor_SecureQR/src/Container/QRReaderContainer.tsx": {"lines":{"total":28,"covered":28,"skipped":0,"pct":100},"functions":{"total":3,"covered":3,"skipped":0,"pct":100},"statements":{"total":29,"covered":29,"skipped":0,"pct":100},"branches":{"total":2,"covered":2,"skipped":0,"pct":100}}
,"/home/runner/work/Typescript_Capacitor_SecureQR/Typescript_Capacitor_SecureQR/src/Container/SettingsContainer.tsx": {"lines":{"total":9,"covered":9,"skipped":0,"pct":100},"functions":{"total":3,"covered":3,"skipped":0,"pct":100},"statements":{"total":9,"covered":9,"skipped":0,"pct":100},"branches":{"total":0,"covered":0,"skipped":0,"pct":100}}
,"/home/runner/work/Typescript_Capacitor_SecureQR/Typescript_Capacitor_SecureQR/src/Services/EncryptionService/encryptionService.ts": {"lines":{"total":21,"covered":21,"skipped":0,"pct":100},"functions":{"total":9,"covered":9,"skipped":0,"pct":100},"statements":{"total":21,"covered":21,"skipped":0,"pct":100},"branches":{"total":5,"covered":5,"skipped":0,"pct":100}}
,"/home/runner/work/Typescript_Capacitor_SecureQR/Typescript_Capacitor_SecureQR/src/Services/FileHandler/fileHandler.ts": {"lines":{"total":14,"covered":14,"skipped":0,"pct":100},"functions":{"total":2,"covered":2,"skipped":0,"pct":100},"statements":{"total":16,"covered":16,"skipped":0,"pct":100},"branches":{"total":1,"covered":1,"skipped":0,"pct":100}}
,"/home/runner/work/Typescript_Capacitor_SecureQR/Typescript_Capacitor_SecureQR/src/Services/FileHandler/fileHandlerHelper.ts": {"lines":{"total":18,"covered":18,"skipped":0,"pct":100},"functions":{"total":2,"covered":2,"skipped":0,"pct":100},"statements":{"total":20,"covered":20,"skipped":0,"pct":100},"branches":{"total":0,"covered":0,"skipped":0,"pct":100}}
,"/home/runner/work/Typescript_Capacitor_SecureQR/Typescript_Capacitor_SecureQR/src/Services/Logger/logger.ts": {"lines":{"total":22,"covered":17,"skipped":0,"pct":77.27},"functions":{"total":6,"covered":6,"skipped":0,"pct":100},"statements":{"total":23,"covered":18,"skipped":0,"pct":78.26},"branches":{"total":19,"covered":14,"skipped":0,"pct":73.68}}
,"/home/runner/work/Typescript_Capacitor_SecureQR/Typescript_Capacitor_SecureQR/src/Services/helper/navigationUtils.ts": {"lines":{"total":43,"covered":27,"skipped":0,"pct":62.79},"functions":{"total":11,"covered":5,"skipped":0,"pct":45.45},"statements":{"total":45,"covered":29,"skipped":0,"pct":64.44},"branches":{"total":23,"covered":19,"skipped":0,"pct":82.6}}
,"/home/runner/work/Typescript_Capacitor_SecureQR/Typescript_Capacitor_SecureQR/src/Services/helper/statusBarUtils.ts": {"lines":{"total":6,"covered":6,"skipped":0,"pct":100},"functions":{"total":2,"covered":2,"skipped":0,"pct":100},"statements":{"total":8,"covered":8,"skipped":0,"pct":100},"branches":{"total":1,"covered":1,"skipped":0,"pct":100}}
,"/home/runner/work/Typescript_Capacitor_SecureQR/Typescript_Capacitor_SecureQR/src/Services/helper/useDeviceCheck.ts": {"lines":{"total":11,"covered":11,"skipped":0,"pct":100},"functions":{"total":4,"covered":4,"skipped":0,"pct":100},"statements":{"total":13,"covered":13,"skipped":0,"pct":100},"branches":{"total":1,"covered":1,"skipped":0,"pct":100}}
,"/home/runner/work/Typescript_Capacitor_SecureQR/Typescript_Capacitor_SecureQR/src/config/featureFlags.ts": {"lines":{"total":6,"covered":6,"skipped":0,"pct":100},"functions":{"total":0,"covered":0,"skipped":0,"pct":100},"statements":{"total":10,"covered":10,"skipped":0,"pct":100},"branches":{"total":0,"covered":0,"skipped":0,"pct":100}}
,"/home/runner/work/Typescript_Capacitor_SecureQR/Typescript_Capacitor_SecureQR/src/legal/codeToTextParser.tsx": {"lines":{"total":23,"covered":23,"skipped":0,"pct":100},"functions":{"total":3,"covered":3,"skipped":0,"pct":100},"statements":{"total":24,"covered":24,"skipped":0,"pct":100},"branches":{"total":4,"covered":4,"skipped":0,"pct":100}}
,"/home/runner/work/Typescript_Capacitor_SecureQR/Typescript_Capacitor_SecureQR/src/legal/datenschutz.tsx": {"lines":{"total":7,"covered":7,"skipped":0,"pct":100},"functions":{"total":1,"covered":1,"skipped":0,"pct":100},"statements":{"total":7,"covered":7,"skipped":0,"pct":100},"branches":{"total":0,"covered":0,"skipped":0,"pct":100}}
,"/home/runner/work/Typescript_Capacitor_SecureQR/Typescript_Capacitor_SecureQR/src/legal/impressum.tsx": {"lines":{"total":7,"covered":7,"skipped":0,"pct":100},"functions":{"total":1,"covered":1,"skipped":0,"pct":100},"statements":{"total":7,"covered":7,"skipped":0,"pct":100},"branches":{"total":0,"covered":0,"skipped":0,"pct":100}}
,"/home/runner/work/Typescript_Capacitor_SecureQR/Typescript_Capacitor_SecureQR/src/legal/usedLibs/container_usedLibList.tsx": {"lines":{"total":16,"covered":16,"skipped":0,"pct":100},"functions":{"total":4,"covered":4,"skipped":0,"pct":100},"statements":{"total":16,"covered":16,"skipped":0,"pct":100},"branches":{"total":0,"covered":0,"skipped":0,"pct":100}}
,"/home/runner/work/Typescript_Capacitor_SecureQR/Typescript_Capacitor_SecureQR/src/legal/usedLibs/screen_usedLibList.tsx": {"lines":{"total":20,"covered":20,"skipped":0,"pct":100},"functions":{"total":4,"covered":4,"skipped":0,"pct":100},"statements":{"total":20,"covered":20,"skipped":0,"pct":100},"branches":{"total":0,"covered":0,"skipped":0,"pct":100}}
}
