TN:
SF:src/App.tsx
FN:13,(anonymous_7)
FN:41,(anonymous_8)
FNF:2
FNH:2
FNDA:5,(anonymous_7)
FNDA:5,(anonymous_8)
DA:1,1
DA:2,1
DA:3,1
DA:4,1
DA:5,1
DA:6,1
DA:7,1
DA:8,1
DA:9,1
DA:10,1
DA:11,1
DA:13,1
DA:14,5
DA:15,5
DA:17,5
DA:28,5
DA:30,5
DA:41,1
DA:42,5
DA:49,1
LF:20
LH:20
BRDA:33,0,0,0
BRDA:33,0,1,5
BRF:2
BRH:1
end_of_record
TN:
SF:src/routes.tsx
FN:8,(anonymous_1)
FNF:1
FNH:1
FNDA:5,(anonymous_1)
DA:1,1
DA:2,1
DA:3,1
DA:4,1
DA:5,1
DA:6,1
DA:8,1
DA:10,5
LF:8
LH:8
BRF:0
BRH:0
end_of_record
TN:
SF:src/Container/QRGeneratorContainer.tsx
FN:11,(anonymous_14)
FN:20,(anonymous_15)
FN:20,(anonymous_16)
FN:38,(anonymous_17)
FNF:4
FNH:4
FNDA:20,(anonymous_14)
FNDA:4,(anonymous_15)
FNDA:4,(anonymous_16)
FNDA:2,(anonymous_17)
DA:1,1
DA:2,1
DA:3,1
DA:4,1
DA:5,1
DA:6,1
DA:7,1
DA:8,1
DA:9,1
DA:11,1
DA:12,20
DA:13,20
DA:14,20
DA:17,20
DA:18,20
DA:20,20
DA:21,4
DA:22,1
DA:23,1
DA:25,3
DA:27,3
DA:28,3
DA:29,2
DA:30,2
DA:31,2
DA:33,1
DA:34,1
DA:38,20
DA:39,2
DA:40,1
DA:42,1
DA:43,1
DA:47,20
LF:33
LH:33
BRDA:21,0,0,1
BRDA:21,1,0,4
BRDA:21,1,1,3
BRDA:39,2,0,1
BRDA:39,2,1,1
BRF:5
BRH:5
end_of_record
TN:
SF:src/Container/QRReaderContainer.tsx
FN:8,(anonymous_7)
FN:16,(anonymous_8)
FN:36,(anonymous_9)
FNF:3
FNH:3
FNDA:18,(anonymous_7)
FNDA:6,(anonymous_8)
FNDA:1,(anonymous_9)
DA:1,1
DA:2,1
DA:3,1
DA:4,1
DA:5,1
DA:6,1
DA:8,1
DA:9,18
DA:10,18
DA:11,18
DA:14,18
DA:16,18
DA:17,6
DA:18,6
DA:19,6
DA:20,6
DA:21,2
DA:22,2
DA:25,4
DA:26,4
DA:27,4
DA:28,3
DA:30,1
DA:31,1
DA:36,18
DA:37,1
DA:38,1
DA:41,18
LF:28
LH:28
BRDA:18,0,0,6
BRDA:20,1,0,2
BRF:2
BRH:2
end_of_record
TN:
SF:src/Container/SettingsContainer.tsx
FN:4,(anonymous_1)
FN:6,(anonymous_2)
FN:10,(anonymous_3)
FNF:3
FNH:3
FNDA:4,(anonymous_1)
FNDA:2,(anonymous_2)
FNDA:2,(anonymous_3)
DA:2,1
DA:3,1
DA:4,1
DA:6,4
DA:7,2
DA:10,4
DA:11,2
DA:15,4
DA:23,1
LF:9
LH:9
BRF:0
BRH:0
end_of_record
TN:
SF:src/Services/EncryptionService/encryptionService.ts
FN:7,(anonymous_1)
FN:11,(anonymous_2)
FN:19,(anonymous_3)
FN:23,(anonymous_4)
FN:31,(anonymous_5)
FN:35,(anonymous_6)
FN:43,(anonymous_7)
FN:47,(anonymous_8)
FN:54,(anonymous_9)
FNF:9
FNH:9
FNDA:8,(anonymous_1)
FNDA:5,(anonymous_2)
FNDA:5,(anonymous_3)
FNDA:4,(anonymous_4)
FNDA:3,(anonymous_5)
FNDA:2,(anonymous_6)
FNDA:3,(anonymous_7)
FNDA:2,(anonymous_8)
FNDA:25,(anonymous_9)
DA:1,3
DA:3,3
DA:8,8
DA:12,5
DA:13,5
DA:20,5
DA:24,4
DA:25,4
DA:32,3
DA:36,2
DA:37,2
DA:44,3
DA:48,2
DA:49,2
DA:53,3
DA:55,25
DA:57,9
DA:59,7
DA:61,4
DA:63,4
DA:65,1
LF:21
LH:21
BRDA:55,0,0,9
BRDA:55,0,1,7
BRDA:55,0,2,4
BRDA:55,0,3,4
BRDA:55,0,4,1
BRF:5
BRH:5
end_of_record
TN:
SF:src/Services/FileHandler/fileHandler.ts
FN:6,(anonymous_8)
FN:6,(anonymous_9)
FNF:2
FNH:2
FNDA:5,(anonymous_8)
FNDA:5,(anonymous_9)
DA:1,1
DA:2,1
DA:3,1
DA:4,1
DA:6,5
DA:7,5
DA:8,5
DA:9,5
DA:11,5
DA:17,3
DA:22,3
DA:26,2
DA:27,2
DA:29,2
LF:14
LH:14
BRDA:26,0,0,2
BRF:1
BRH:1
end_of_record
TN:
SF:src/Services/FileHandler/fileHandlerHelper.ts
FN:1,(anonymous_0)
FN:13,(anonymous_1)
FNF:2
FNH:2
FNDA:12,(anonymous_0)
FNDA:6,(anonymous_1)
DA:1,2
DA:2,12
DA:3,12
DA:4,12
DA:5,12
DA:6,12
DA:7,12
DA:8,12
DA:10,12
DA:13,2
DA:14,6
DA:15,6
DA:16,6
DA:17,6
DA:18,6
DA:19,6
DA:20,6
DA:21,6
LF:18
LH:18
BRF:0
BRH:0
end_of_record
TN:
SF:src/Services/Logger/logger.ts
FN:10,(anonymous_0)
FN:29,(anonymous_1)
FN:34,(anonymous_2)
FN:40,(anonymous_3)
FN:46,(anonymous_4)
FN:52,(anonymous_5)
FNF:6
FNH:6
FNDA:3,(anonymous_0)
FNDA:3,(anonymous_1)
FNDA:1,(anonymous_2)
FNDA:1,(anonymous_3)
FNDA:1,(anonymous_4)
FNDA:2,(anonymous_5)
DA:1,4
DA:11,3
DA:13,3
DA:14,3
DA:16,3
DA:17,3
DA:18,3
DA:19,3
DA:20,3
DA:21,3
DA:26,0
DA:30,3
DA:31,3
DA:35,1
DA:36,0
DA:41,1
DA:42,0
DA:47,1
DA:48,0
DA:53,2
DA:54,0
DA:59,4
LF:22
LH:17
BRDA:13,0,0,3
BRDA:18,1,0,3
BRDA:20,2,0,3
BRDA:20,3,0,0
BRDA:20,3,1,3
BRDA:20,4,0,3
BRDA:20,4,1,3
BRDA:35,5,0,0
BRDA:35,6,0,1
BRDA:35,6,1,1
BRDA:41,7,0,0
BRDA:41,8,0,1
BRDA:41,8,1,1
BRDA:47,9,0,0
BRDA:47,10,0,1
BRDA:47,10,1,1
BRDA:53,11,0,0
BRDA:53,12,0,2
BRDA:53,12,1,2
BRF:19
BRH:14
end_of_record
TN:
SF:src/Services/helper/navigationUtils.ts
FN:18,(anonymous_0)
FN:28,(anonymous_1)
FN:30,(anonymous_2)
FN:41,(anonymous_3)
FN:43,(anonymous_4)
FN:54,(anonymous_5)
FN:55,(anonymous_6)
FN:60,(anonymous_7)
FN:61,(anonymous_8)
FN:63,(anonymous_9)
FN:85,(anonymous_10)
FNF:11
FNH:5
FNDA:7,(anonymous_0)
FNDA:0,(anonymous_1)
FNDA:0,(anonymous_2)
FNDA:0,(anonymous_3)
FNDA:0,(anonymous_4)
FNDA:0,(anonymous_5)
FNDA:0,(anonymous_6)
FNDA:7,(anonymous_7)
FNDA:5,(anonymous_8)
FNDA:7,(anonymous_9)
FNDA:7,(anonymous_10)
DA:1,1
DA:2,1
DA:3,1
DA:18,1
DA:25,7
DA:26,7
DA:28,7
DA:29,0
DA:30,0
DA:32,0
DA:33,0
DA:34,0
DA:35,0
DA:36,0
DA:37,0
DA:41,7
DA:42,0
DA:43,0
DA:45,0
DA:46,0
DA:47,0
DA:48,0
DA:53,7
DA:54,0
DA:55,0
DA:60,7
DA:61,7
DA:62,5
DA:63,7
DA:65,4
DA:67,1
DA:68,1
DA:69,1
DA:70,3
DA:72,1
DA:73,1
DA:74,1
DA:75,2
DA:77,1
DA:82,7
DA:85,7
DA:86,7
DA:90,7
LF:43
LH:27
BRDA:32,0,0,0
BRDA:32,0,1,0
BRDA:36,1,0,0
BRDA:45,2,0,0
BRDA:54,3,0,6
BRDA:54,3,1,1
BRDA:55,4,0,6
BRDA:55,4,1,1
BRDA:62,5,0,4
BRDA:62,6,0,5
BRDA:62,6,1,4
BRDA:65,7,0,1
BRDA:65,7,1,3
BRDA:65,8,0,4
BRDA:65,8,1,2
BRDA:70,9,0,1
BRDA:70,9,1,2
BRDA:70,10,0,3
BRDA:70,10,1,2
BRDA:75,11,0,1
BRDA:75,12,0,2
BRDA:75,12,1,1
BRDA:75,12,2,1
BRF:23
BRH:19
end_of_record
TN:
SF:src/Services/helper/statusBarUtils.ts
FN:4,(anonymous_7)
FN:4,(anonymous_8)
FNF:2
FNH:2
FNDA:3,(anonymous_7)
FNDA:3,(anonymous_8)
DA:1,1
DA:2,1
DA:4,3
DA:5,3
DA:6,2
DA:7,2
LF:6
LH:6
BRDA:5,0,0,2
BRF:1
BRH:1
end_of_record
TN:
SF:src/Services/helper/useDeviceCheck.ts
FN:3,(anonymous_0)
FN:6,(anonymous_1)
FN:7,(anonymous_2)
FN:14,(anonymous_3)
FNF:4
FNH:4
FNDA:9,(anonymous_0)
FNDA:5,(anonymous_1)
FNDA:6,(anonymous_2)
FNDA:5,(anonymous_3)
DA:1,1
DA:3,1
DA:4,9
DA:6,9
DA:7,5
DA:8,6
DA:9,4
DA:12,5
DA:13,5
DA:14,5
DA:17,9
LF:11
LH:11
BRDA:8,0,0,4
BRF:1
BRH:1
end_of_record
TN:
SF:src/config/featureFlags.ts
FNF:0
FNH:0
DA:1,4
DA:2,4
DA:3,4
DA:4,4
DA:5,4
DA:7,4
LF:6
LH:6
BRF:0
BRH:0
end_of_record
TN:
SF:src/legal/codeToTextParser.tsx
FN:7,(anonymous_1)
FN:8,(anonymous_2)
FN:11,(anonymous_3)
FNF:3
FNH:3
FNDA:11,(anonymous_1)
FNDA:11,(anonymous_2)
FNDA:12,(anonymous_3)
DA:1,3
DA:7,3
DA:8,11
DA:9,11
DA:10,11
DA:11,11
DA:12,12
DA:13,12
DA:14,12
DA:15,12
DA:16,6
DA:17,6
DA:18,5
DA:20,6
DA:21,6
DA:22,6
DA:23,6
DA:25,12
DA:26,12
DA:27,10
DA:29,12
DA:38,11
DA:41,3
LF:23
LH:23
BRDA:17,0,0,5
BRDA:26,1,0,10
BRDA:32,2,0,12
BRDA:32,2,1,1
BRF:4
BRH:4
end_of_record
TN:
SF:src/legal/datenschutz.tsx
FN:6,(anonymous_1)
FNF:1
FNH:1
FNDA:2,(anonymous_1)
DA:1,1
DA:2,1
DA:3,1
DA:4,1
DA:6,1
DA:8,2
DA:24,1
LF:7
LH:7
BRF:0
BRH:0
end_of_record
TN:
SF:src/legal/impressum.tsx
FN:6,(anonymous_1)
FNF:1
FNH:1
FNDA:2,(anonymous_1)
DA:1,1
DA:2,1
DA:3,1
DA:4,1
DA:6,1
DA:8,2
DA:26,1
LF:7
LH:7
BRF:0
BRH:0
end_of_record
TN:
SF:src/legal/usedLibs/container_usedLibList.tsx
FN:27,(anonymous_7)
FN:31,(anonymous_8)
FN:43,(anonymous_9)
FN:47,(anonymous_10)
FNF:4
FNH:4
FNDA:6,(anonymous_7)
FNDA:2460,(anonymous_8)
FNDA:2,(anonymous_9)
FNDA:1,(anonymous_10)
DA:1,1
DA:2,1
DA:3,1
DA:4,1
DA:27,1
DA:28,6
DA:29,6
DA:31,6
DA:32,2460
DA:33,2460
DA:43,6
DA:44,2
DA:47,6
DA:48,1
DA:51,6
DA:65,1
LF:16
LH:16
BRF:0
BRH:0
end_of_record
TN:
SF:src/legal/usedLibs/screen_usedLibList.tsx
FN:32,(anonymous_1)
FN:38,(anonymous_2)
FN:54,(anonymous_3)
FN:57,(anonymous_4)
FNF:4
FNH:4
FNDA:8,(anonymous_1)
FNDA:1,(anonymous_2)
FNDA:2462,(anonymous_3)
FNDA:1,(anonymous_4)
DA:1,2
DA:2,2
DA:3,2
DA:4,2
DA:5,2
DA:6,2
DA:7,2
DA:8,2
DA:9,2
DA:10,2
DA:11,2
DA:13,2
DA:32,2
DA:37,8
DA:38,8
DA:39,1
DA:42,8
DA:55,2462
DA:57,1
DA:77,2
LF:20
LH:20
BRF:0
BRH:0
end_of_record
